[0.438s] DEBUG:colcon:Command line arguments: ['/usr/bin/colcon', 'build', '--symlink-install', '--executor', 'sequential']
[0.438s] DEBUG:colcon:Parsed command line arguments: Namespace(log_base=None, log_level=None, verb_name='build', build_base='build', install_base='install', merge_install=False, symlink_install=True, test_result_base=None, continue_on_error=False, executor='sequential', parallel_workers=12, event_handlers=None, ignore_user_meta=False, metas=['./colcon.meta'], base_paths=['.'], packages_ignore=None, packages_ignore_regex=None, paths=None, packages_up_to=None, packages_up_to_regex=None, packages_above=None, packages_above_and_dependencies=None, packages_above_depth=None, packages_select_by_dep=None, packages_skip_by_dep=None, packages_skip_up_to=None, packages_select_build_failed=False, packages_skip_build_finished=False, packages_select_test_failures=False, packages_skip_test_passed=False, packages_select=None, packages_skip=None, packages_select_regex=None, packages_skip_regex=None, packages_start=None, packages_end=None, cmake_args=None, cmake_target=None, cmake_target_skip_unavailable=False, cmake_clean_cache=False, cmake_clean_first=False, cmake_force_configure=False, ament_cmake_args=None, catkin_cmake_args=None, catkin_skip_building_tests=False, mixin_files=None, mixin=None, verb_parser=<colcon_mixin.mixin.mixin_argument.MixinArgumentDecorator object at 0x7fafb06c9610>, verb_extension=<colcon_core.verb.build.BuildVerb object at 0x7fafb0883500>, main=<bound method BuildVerb.main of <colcon_core.verb.build.BuildVerb object at 0x7fafb0883500>>, mixin_verb=('build',))
[0.617s] Level 1:colcon.colcon_core.package_discovery:discover_packages(colcon_meta) check parameters
[0.625s] INFO:colcon.colcon_metadata.package_discovery.colcon_meta:Using configuration from '/root/.colcon/metadata/default/Gazebo.meta'
[0.627s] INFO:colcon.colcon_metadata.package_discovery.colcon_meta:Using configuration from '/root/.colcon/metadata/default/fastrtps.meta'
[0.627s] Level 1:colcon.colcon_core.package_discovery:discover_packages(recursive) check parameters
[0.627s] Level 1:colcon.colcon_core.package_discovery:discover_packages(ignore) check parameters
[0.627s] Level 1:colcon.colcon_core.package_discovery:discover_packages(path) check parameters
[0.627s] Level 1:colcon.colcon_core.package_discovery:discover_packages(colcon_meta) discover
[0.627s] Level 1:colcon.colcon_core.package_discovery:discover_packages(recursive) discover
[0.627s] INFO:colcon.colcon_core.package_discovery:Crawling recursively for packages in '/home/corvus/Projects/ros2_webot/src1'
[0.628s] Level 1:colcon.colcon_core.package_identification:_identify(.) by extensions ['ignore', 'ignore_ament_install']
[0.628s] Level 1:colcon.colcon_core.package_identification:_identify(.) by extension 'ignore'
[0.628s] Level 1:colcon.colcon_core.package_identification:_identify(.) by extension 'ignore_ament_install'
[0.628s] Level 1:colcon.colcon_core.package_identification:_identify(.) by extensions ['colcon_pkg']
[0.628s] Level 1:colcon.colcon_core.package_identification:_identify(.) by extension 'colcon_pkg'
[0.628s] Level 1:colcon.colcon_core.package_identification:_identify(.) by extensions ['colcon_meta']
[0.628s] Level 1:colcon.colcon_core.package_identification:_identify(.) by extension 'colcon_meta'
[0.628s] Level 1:colcon.colcon_core.package_identification:_identify(.) by extensions ['ros']
[0.628s] Level 1:colcon.colcon_core.package_identification:_identify(.) by extension 'ros'
[0.718s] Level 1:colcon.colcon_core.package_identification:_identify(.) by extensions ['cmake', 'python']
[0.718s] Level 1:colcon.colcon_core.package_identification:_identify(.) by extension 'cmake'
[0.718s] Level 1:colcon.colcon_core.package_identification:_identify(.) by extension 'python'
[0.718s] Level 1:colcon.colcon_core.package_identification:_identify(.) by extensions ['python_setup_py']
[0.718s] Level 1:colcon.colcon_core.package_identification:_identify(.) by extension 'python_setup_py'
[0.718s] Level 1:colcon.colcon_core.package_identification:_identify(build) by extensions ['ignore', 'ignore_ament_install']
[0.718s] Level 1:colcon.colcon_core.package_identification:_identify(build) by extension 'ignore'
[0.719s] Level 1:colcon.colcon_core.package_identification:_identify(build) ignored
[0.719s] Level 1:colcon.colcon_core.package_identification:_identify(install) by extensions ['ignore', 'ignore_ament_install']
[0.719s] Level 1:colcon.colcon_core.package_identification:_identify(install) by extension 'ignore'
[0.719s] Level 1:colcon.colcon_core.package_identification:_identify(install) ignored
[0.719s] Level 1:colcon.colcon_core.package_identification:_identify(log) by extensions ['ignore', 'ignore_ament_install']
[0.719s] Level 1:colcon.colcon_core.package_identification:_identify(log) by extension 'ignore'
[0.719s] Level 1:colcon.colcon_core.package_identification:_identify(log) ignored
[0.719s] Level 1:colcon.colcon_core.package_identification:_identify(py_pubsub) by extensions ['ignore', 'ignore_ament_install']
[0.719s] Level 1:colcon.colcon_core.package_identification:_identify(py_pubsub) by extension 'ignore'
[0.719s] Level 1:colcon.colcon_core.package_identification:_identify(py_pubsub) by extension 'ignore_ament_install'
[0.719s] Level 1:colcon.colcon_core.package_identification:_identify(py_pubsub) by extensions ['colcon_pkg']
[0.719s] Level 1:colcon.colcon_core.package_identification:_identify(py_pubsub) by extension 'colcon_pkg'
[0.719s] Level 1:colcon.colcon_core.package_identification:_identify(py_pubsub) by extensions ['colcon_meta']
[0.720s] Level 1:colcon.colcon_core.package_identification:_identify(py_pubsub) by extension 'colcon_meta'
[0.720s] Level 1:colcon.colcon_core.package_identification:_identify(py_pubsub) by extensions ['ros']
[0.720s] Level 1:colcon.colcon_core.package_identification:_identify(py_pubsub) by extension 'ros'
[0.733s] DEBUG:colcon.colcon_core.package_identification:Package 'py_pubsub' with type 'ros.ament_python' and name 'my_package'
[0.733s] Level 1:colcon.colcon_core.package_discovery:discover_packages(recursive) using defaults
[0.733s] Level 1:colcon.colcon_core.package_discovery:discover_packages(ignore) discover
[0.733s] Level 1:colcon.colcon_core.package_discovery:discover_packages(ignore) using defaults
[0.733s] Level 1:colcon.colcon_core.package_discovery:discover_packages(path) discover
[0.733s] Level 1:colcon.colcon_core.package_discovery:discover_packages(path) using defaults
[0.876s] Level 5:colcon.colcon_core.verb:set package 'my_package' build argument 'cmake_args' from command line to 'None'
[0.877s] Level 5:colcon.colcon_core.verb:set package 'my_package' build argument 'cmake_target' from command line to 'None'
[0.877s] Level 5:colcon.colcon_core.verb:set package 'my_package' build argument 'cmake_target_skip_unavailable' from command line to 'False'
[0.877s] Level 5:colcon.colcon_core.verb:set package 'my_package' build argument 'cmake_clean_cache' from command line to 'False'
[0.877s] Level 5:colcon.colcon_core.verb:set package 'my_package' build argument 'cmake_clean_first' from command line to 'False'
[0.877s] Level 5:colcon.colcon_core.verb:set package 'my_package' build argument 'cmake_force_configure' from command line to 'False'
[0.877s] Level 5:colcon.colcon_core.verb:set package 'my_package' build argument 'ament_cmake_args' from command line to 'None'
[0.877s] Level 5:colcon.colcon_core.verb:set package 'my_package' build argument 'catkin_cmake_args' from command line to 'None'
[0.877s] Level 5:colcon.colcon_core.verb:set package 'my_package' build argument 'catkin_skip_building_tests' from command line to 'False'
[0.877s] DEBUG:colcon.colcon_core.verb:Building package 'my_package' with the following arguments: {'ament_cmake_args': None, 'build_base': '/home/corvus/Projects/ros2_webot/src1/build/my_package', 'catkin_cmake_args': None, 'catkin_skip_building_tests': False, 'cmake_args': None, 'cmake_clean_cache': False, 'cmake_clean_first': False, 'cmake_force_configure': False, 'cmake_target': None, 'cmake_target_skip_unavailable': False, 'install_base': '/home/corvus/Projects/ros2_webot/src1/install/my_package', 'merge_install': False, 'path': '/home/corvus/Projects/ros2_webot/src1/py_pubsub', 'symlink_install': True, 'test_result_base': None}
[0.878s] INFO:colcon.colcon_core.executor:Executing jobs using 'sequential' executor
[0.880s] DEBUG:colcon.colcon_core.executor.sequential:run_until_complete 'my_package'
[0.881s] INFO:colcon.colcon_ros.task.ament_python.build:Building ROS package in '/home/corvus/Projects/ros2_webot/src1/py_pubsub' with build type 'ament_python'
[0.881s] Level 1:colcon.colcon_core.shell:create_environment_hook('my_package', 'ament_prefix_path')
[0.909s] INFO:colcon.colcon_core.plugin_system:Skipping extension 'colcon_core.shell.bat': Not used on non-Windows systems
[0.909s] INFO:colcon.colcon_core.shell:Creating environment hook '/home/corvus/Projects/ros2_webot/src1/install/my_package/share/my_package/hook/ament_prefix_path.ps1'
[0.914s] INFO:colcon.colcon_core.shell:Creating environment descriptor '/home/corvus/Projects/ros2_webot/src1/install/my_package/share/my_package/hook/ament_prefix_path.dsv'
[0.916s] INFO:colcon.colcon_core.shell:Creating environment hook '/home/corvus/Projects/ros2_webot/src1/install/my_package/share/my_package/hook/ament_prefix_path.sh'
[0.918s] INFO:colcon.colcon_core.shell:Skip shell extension 'powershell' for command environment: Not usable outside of PowerShell
[0.918s] DEBUG:colcon.colcon_core.shell:Skip shell extension 'dsv' for command environment
[1.284s] WARNING:colcon.colcon_ros.task.ament_python.build:Package 'my_package' doesn't explicitly install a marker in the package index (colcon-ros currently does it implicitly but that fallback will be removed in the future)
[1.286s] WARNING:colcon.colcon_ros.task.ament_python.build:Package 'my_package' doesn't explicitly install the 'package.xml' file (colcon-ros currently does it implicitly but that fallback will be removed in the future)
[1.286s] INFO:colcon.colcon_core.task.python.build:Building Python package in '/home/corvus/Projects/ros2_webot/src1/py_pubsub'
[1.286s] INFO:colcon.colcon_core.shell:Skip shell extension 'powershell' for command environment: Not usable outside of PowerShell
[1.286s] DEBUG:colcon.colcon_core.shell:Skip shell extension 'dsv' for command environment
[2.582s] DEBUG:colcon.colcon_core.event_handler.log_command:Invoking command in '/home/corvus/Projects/ros2_webot/src1/build/my_package': PYTHONPATH=/home/corvus/Projects/ros2_webot/src1/build/my_package/prefix_override:/usr/lib/python3/dist-packages/colcon_core/task/python/colcon_distutils_commands:/home/corvus/Projects/ros2_webot/src1/install/my_package/lib/python3.12/site-packages:${PYTHONPATH} /usr/bin/python3 -W ignore:setup.py install is deprecated -W ignore:easy_install command is deprecated setup.py develop --editable --build-directory /home/corvus/Projects/ros2_webot/src1/build/my_package/build --no-deps symlink_data
[3.441s] Level 1:colcon.colcon_core.shell:create_environment_hook('my_package', 'pythonpath_develop')
[3.442s] INFO:colcon.colcon_core.shell:Creating environment hook '/home/corvus/Projects/ros2_webot/src1/build/my_package/share/my_package/hook/pythonpath_develop.ps1'
[3.442s] DEBUG:colcon.colcon_core.event_handler.log_command:Invoked command in '/home/corvus/Projects/ros2_webot/src1/build/my_package' returned '0': PYTHONPATH=/home/corvus/Projects/ros2_webot/src1/build/my_package/prefix_override:/usr/lib/python3/dist-packages/colcon_core/task/python/colcon_distutils_commands:/home/corvus/Projects/ros2_webot/src1/install/my_package/lib/python3.12/site-packages:${PYTHONPATH} /usr/bin/python3 -W ignore:setup.py install is deprecated -W ignore:easy_install command is deprecated setup.py develop --editable --build-directory /home/corvus/Projects/ros2_webot/src1/build/my_package/build --no-deps symlink_data
[3.444s] INFO:colcon.colcon_core.shell:Creating environment descriptor '/home/corvus/Projects/ros2_webot/src1/build/my_package/share/my_package/hook/pythonpath_develop.dsv'
[3.445s] INFO:colcon.colcon_core.shell:Creating environment hook '/home/corvus/Projects/ros2_webot/src1/build/my_package/share/my_package/hook/pythonpath_develop.sh'
[3.460s] Level 1:colcon.colcon_core.environment:checking '/home/corvus/Projects/ros2_webot/src1/install/my_package' for CMake module files
[3.461s] Level 1:colcon.colcon_core.environment:checking '/home/corvus/Projects/ros2_webot/src1/install/my_package' for CMake config files
[3.461s] Level 1:colcon.colcon_core.environment:checking '/home/corvus/Projects/ros2_webot/src1/install/my_package/lib'
[3.462s] Level 1:colcon.colcon_core.environment:checking '/home/corvus/Projects/ros2_webot/src1/install/my_package/bin'
[3.462s] Level 1:colcon.colcon_core.environment:checking '/home/corvus/Projects/ros2_webot/src1/install/my_package/lib/pkgconfig/my_package.pc'
[3.463s] Level 1:colcon.colcon_core.environment:checking '/home/corvus/Projects/ros2_webot/src1/install/my_package/lib/python3.12/site-packages'
[3.464s] Level 1:colcon.colcon_core.shell:create_environment_hook('my_package', 'pythonpath')
[3.465s] INFO:colcon.colcon_core.shell:Creating environment hook '/home/corvus/Projects/ros2_webot/src1/install/my_package/share/my_package/hook/pythonpath.ps1'
[3.466s] INFO:colcon.colcon_core.shell:Creating environment descriptor '/home/corvus/Projects/ros2_webot/src1/install/my_package/share/my_package/hook/pythonpath.dsv'
[3.467s] INFO:colcon.colcon_core.shell:Creating environment hook '/home/corvus/Projects/ros2_webot/src1/install/my_package/share/my_package/hook/pythonpath.sh'
[3.468s] Level 1:colcon.colcon_core.environment:checking '/home/corvus/Projects/ros2_webot/src1/install/my_package/bin'
[3.468s] Level 1:colcon.colcon_core.environment:create_environment_scripts_only(my_package)
[3.469s] INFO:colcon.colcon_core.shell:Creating package script '/home/corvus/Projects/ros2_webot/src1/install/my_package/share/my_package/package.ps1'
[3.471s] INFO:colcon.colcon_core.shell:Creating package descriptor '/home/corvus/Projects/ros2_webot/src1/install/my_package/share/my_package/package.dsv'
[3.472s] INFO:colcon.colcon_core.shell:Creating package script '/home/corvus/Projects/ros2_webot/src1/install/my_package/share/my_package/package.sh'
[3.475s] INFO:colcon.colcon_core.shell:Creating package script '/home/corvus/Projects/ros2_webot/src1/install/my_package/share/my_package/package.bash'
[3.477s] INFO:colcon.colcon_core.shell:Creating package script '/home/corvus/Projects/ros2_webot/src1/install/my_package/share/my_package/package.zsh'
[3.480s] Level 1:colcon.colcon_core.environment:create_file_with_runtime_dependencies(/home/corvus/Projects/ros2_webot/src1/install/my_package/share/colcon-core/packages/my_package)
[3.483s] DEBUG:colcon.colcon_core.executor.sequential:run_until_complete 'my_package' finished with '0'
[3.483s] DEBUG:colcon.colcon_core.executor.sequential:closing loop
[3.484s] DEBUG:colcon.colcon_core.executor.sequential:loop closed
[3.484s] DEBUG:colcon.colcon_core.event_reactor:joining thread
[3.520s] INFO:colcon.colcon_core.plugin_system:Skipping extension 'colcon_notification.desktop_notification.notify_send': Could not find 'notify-send'
[3.520s] INFO:colcon.colcon_core.plugin_system:Skipping extension 'colcon_notification.desktop_notification.terminal_notifier': Not used on non-Darwin systems
[3.520s] INFO:colcon.colcon_core.plugin_system:Skipping extension 'colcon_notification.desktop_notification.win32': Not used on non-Windows systems
[3.520s] INFO:colcon.colcon_notification.desktop_notification:Sending desktop notification using 'notify2'
[3.528s] DEBUG:colcon.colcon_notification.desktop_notification.notify2:Failed to initialize notify2: org.freedesktop.DBus.Error.Spawn.ExecFailed: /usr/bin/dbus-launch terminated abnormally without any error message
[3.528s] DEBUG:colcon.colcon_core.event_reactor:joined thread
[3.529s] INFO:colcon.colcon_core.shell:Creating prefix script '/home/corvus/Projects/ros2_webot/src1/install/local_setup.ps1'
[3.531s] INFO:colcon.colcon_core.shell:Creating prefix util module '/home/corvus/Projects/ros2_webot/src1/install/_local_setup_util_ps1.py'
[3.533s] INFO:colcon.colcon_core.shell:Creating prefix chain script '/home/corvus/Projects/ros2_webot/src1/install/setup.ps1'
[3.536s] INFO:colcon.colcon_core.shell:Creating prefix script '/home/corvus/Projects/ros2_webot/src1/install/local_setup.sh'
[3.541s] INFO:colcon.colcon_core.shell:Creating prefix util module '/home/corvus/Projects/ros2_webot/src1/install/_local_setup_util_sh.py'
[3.542s] INFO:colcon.colcon_core.shell:Creating prefix chain script '/home/corvus/Projects/ros2_webot/src1/install/setup.sh'
[3.546s] INFO:colcon.colcon_core.shell:Creating prefix script '/home/corvus/Projects/ros2_webot/src1/install/local_setup.bash'
[3.547s] INFO:colcon.colcon_core.shell:Creating prefix chain script '/home/corvus/Projects/ros2_webot/src1/install/setup.bash'
[3.548s] INFO:colcon.colcon_core.shell:Creating prefix script '/home/corvus/Projects/ros2_webot/src1/install/local_setup.zsh'
[3.549s] INFO:colcon.colcon_core.shell:Creating prefix chain script '/home/corvus/Projects/ros2_webot/src1/install/setup.zsh'
