running develop
running egg_info
creating my_package.egg-info
writing my_package.egg-info/PKG-INFO
writing dependency_links to my_package.egg-info/dependency_links.txt
writing entry points to my_package.egg-info/entry_points.txt
writing requirements to my_package.egg-info/requires.txt
writing top-level names to my_package.egg-info/top_level.txt
writing manifest file 'my_package.egg-info/SOURCES.txt'
reading manifest file 'my_package.egg-info/SOURCES.txt'
writing manifest file 'my_package.egg-info/SOURCES.txt'
running build_ext
Creating /home/corvus/Projects/ros2_webot/src/install/my_package/lib/python3.12/site-packages/my-package.egg-link (link to .)
Installing my_robot_driver script to /home/corvus/Projects/ros2_webot/src/install/my_package/lib/my_package

Installed /home/corvus/Projects/ros2_webot/src/build/my_package
running symlink_data
creating /home/corvus/Projects/ros2_webot/src/install/my_package/share/ament_index
creating /home/corvus/Projects/ros2_webot/src/install/my_package/share/ament_index/resource_index
creating /home/corvus/Projects/ros2_webot/src/install/my_package/share/ament_index/resource_index/packages
symbolically linking /home/corvus/Projects/ros2_webot/src/build/my_package/resource/my_package -> /home/corvus/Projects/ros2_webot/src/install/my_package/share/ament_index/resource_index/packages
creating /home/corvus/Projects/ros2_webot/src/install/my_package/share/my_package/launch
symbolically linking /home/corvus/Projects/ros2_webot/src/build/my_package/launch/robot_launch.py -> /home/corvus/Projects/ros2_webot/src/install/my_package/share/my_package/launch
creating /home/corvus/Projects/ros2_webot/src/install/my_package/share/my_package/worlds
symbolically linking /home/corvus/Projects/ros2_webot/src/build/my_package/worlds/my_world.wbt -> /home/corvus/Projects/ros2_webot/src/install/my_package/share/my_package/worlds
creating /home/corvus/Projects/ros2_webot/src/install/my_package/share/my_package/resource
symbolically linking /home/corvus/Projects/ros2_webot/src/build/my_package/resource/my_robot.urdf -> /home/corvus/Projects/ros2_webot/src/install/my_package/share/my_package/resource
symbolically linking /home/corvus/Projects/ros2_webot/src/build/my_package/package.xml -> /home/corvus/Projects/ros2_webot/src/install/my_package/share/my_package
