[1.127s] Invoking command in '/home/corvus/Projects/ros2_webot/src/build/my_package': PYTHONPATH=/home/corvus/Projects/ros2_webot/src/build/my_package/prefix_override:/usr/lib/python3/dist-packages/colcon_core/task/python/colcon_distutils_commands:/home/corvus/Projects/ros2_webot/src/install/my_package/lib/python3.12/site-packages:${PYTHONPATH} /usr/bin/python3 -W ignore:setup.py install is deprecated -W ignore:easy_install command is deprecated setup.py develop --editable --build-directory /home/corvus/Projects/ros2_webot/src/build/my_package/build --no-deps symlink_data
[1.392s] running develop
[1.553s] running egg_info
[1.553s] creating my_package.egg-info
[1.567s] writing my_package.egg-info/PKG-INFO
[1.568s] writing dependency_links to my_package.egg-info/dependency_links.txt
[1.568s] writing entry points to my_package.egg-info/entry_points.txt
[1.569s] writing requirements to my_package.egg-info/requires.txt
[1.569s] writing top-level names to my_package.egg-info/top_level.txt
[1.569s] writing manifest file 'my_package.egg-info/SOURCES.txt'
[1.602s] reading manifest file 'my_package.egg-info/SOURCES.txt'
[1.603s] writing manifest file 'my_package.egg-info/SOURCES.txt'
[1.621s] running build_ext
[1.622s] Creating /home/corvus/Projects/ros2_webot/src/install/my_package/lib/python3.12/site-packages/my-package.egg-link (link to .)
[1.623s] Installing my_robot_driver script to /home/corvus/Projects/ros2_webot/src/install/my_package/lib/my_package
[1.624s] 
[1.624s] Installed /home/corvus/Projects/ros2_webot/src/build/my_package
[1.624s] running symlink_data
[1.624s] creating /home/corvus/Projects/ros2_webot/src/install/my_package/share/ament_index
[1.625s] creating /home/corvus/Projects/ros2_webot/src/install/my_package/share/ament_index/resource_index
[1.625s] creating /home/corvus/Projects/ros2_webot/src/install/my_package/share/ament_index/resource_index/packages
[1.627s] symbolically linking /home/corvus/Projects/ros2_webot/src/build/my_package/resource/my_package -> /home/corvus/Projects/ros2_webot/src/install/my_package/share/ament_index/resource_index/packages
[1.628s] creating /home/corvus/Projects/ros2_webot/src/install/my_package/share/my_package/launch
[1.628s] symbolically linking /home/corvus/Projects/ros2_webot/src/build/my_package/launch/robot_launch.py -> /home/corvus/Projects/ros2_webot/src/install/my_package/share/my_package/launch
[1.629s] creating /home/corvus/Projects/ros2_webot/src/install/my_package/share/my_package/worlds
[1.630s] symbolically linking /home/corvus/Projects/ros2_webot/src/build/my_package/worlds/my_world.wbt -> /home/corvus/Projects/ros2_webot/src/install/my_package/share/my_package/worlds
[1.631s] creating /home/corvus/Projects/ros2_webot/src/install/my_package/share/my_package/resource
[1.631s] symbolically linking /home/corvus/Projects/ros2_webot/src/build/my_package/resource/my_robot.urdf -> /home/corvus/Projects/ros2_webot/src/install/my_package/share/my_package/resource
[1.631s] symbolically linking /home/corvus/Projects/ros2_webot/src/build/my_package/package.xml -> /home/corvus/Projects/ros2_webot/src/install/my_package/share/my_package
[1.666s] Invoked command in '/home/corvus/Projects/ros2_webot/src/build/my_package' returned '0': PYTHONPATH=/home/corvus/Projects/ros2_webot/src/build/my_package/prefix_override:/usr/lib/python3/dist-packages/colcon_core/task/python/colcon_distutils_commands:/home/corvus/Projects/ros2_webot/src/install/my_package/lib/python3.12/site-packages:${PYTHONPATH} /usr/bin/python3 -W ignore:setup.py install is deprecated -W ignore:easy_install command is deprecated setup.py develop --editable --build-directory /home/corvus/Projects/ros2_webot/src/build/my_package/build --no-deps symlink_data
