[0.248s] DEBUG:colcon:Command line arguments: ['/usr/bin/colcon', 'build', '--symlink-install', '--executor', 'sequential']
[0.248s] DEBUG:colcon:Parsed command line arguments: Namespace(log_base=None, log_level=None, verb_name='build', build_base='build', install_base='install', merge_install=False, symlink_install=True, test_result_base=None, continue_on_error=False, executor='sequential', parallel_workers=12, event_handlers=None, ignore_user_meta=False, metas=['./colcon.meta'], base_paths=['.'], packages_ignore=None, packages_ignore_regex=None, paths=None, packages_up_to=None, packages_up_to_regex=None, packages_above=None, packages_above_and_dependencies=None, packages_above_depth=None, packages_select_by_dep=None, packages_skip_by_dep=None, packages_skip_up_to=None, packages_select_build_failed=False, packages_skip_build_finished=False, packages_select_test_failures=False, packages_skip_test_passed=False, packages_select=None, packages_skip=None, packages_select_regex=None, packages_skip_regex=None, packages_start=None, packages_end=None, cmake_args=None, cmake_target=None, cmake_target_skip_unavailable=False, cmake_clean_cache=False, cmake_clean_first=False, cmake_force_configure=False, ament_cmake_args=None, catkin_cmake_args=None, catkin_skip_building_tests=False, mixin_files=None, mixin=None, verb_parser=<colcon_mixin.mixin.mixin_argument.MixinArgumentDecorator object at 0x7f66c48ad490>, verb_extension=<colcon_core.verb.build.BuildVerb object at 0x7f66c49df7a0>, main=<bound method BuildVerb.main of <colcon_core.verb.build.BuildVerb object at 0x7f66c49df7a0>>, mixin_verb=('build',))
[0.332s] Level 1:colcon.colcon_core.package_discovery:discover_packages(colcon_meta) check parameters
[0.333s] INFO:colcon.colcon_metadata.package_discovery.colcon_meta:Using configuration from '/root/.colcon/metadata/default/Gazebo.meta'
[0.334s] INFO:colcon.colcon_metadata.package_discovery.colcon_meta:Using configuration from '/root/.colcon/metadata/default/fastrtps.meta'
[0.334s] Level 1:colcon.colcon_core.package_discovery:discover_packages(recursive) check parameters
[0.334s] Level 1:colcon.colcon_core.package_discovery:discover_packages(ignore) check parameters
[0.334s] Level 1:colcon.colcon_core.package_discovery:discover_packages(path) check parameters
[0.334s] Level 1:colcon.colcon_core.package_discovery:discover_packages(colcon_meta) discover
[0.334s] Level 1:colcon.colcon_core.package_discovery:discover_packages(recursive) discover
[0.334s] INFO:colcon.colcon_core.package_discovery:Crawling recursively for packages in '/home/corvus/Projects/ros2_webot/src'
[0.334s] Level 1:colcon.colcon_core.package_identification:_identify(.) by extensions ['ignore', 'ignore_ament_install']
[0.334s] Level 1:colcon.colcon_core.package_identification:_identify(.) by extension 'ignore'
[0.334s] Level 1:colcon.colcon_core.package_identification:_identify(.) by extension 'ignore_ament_install'
[0.334s] Level 1:colcon.colcon_core.package_identification:_identify(.) by extensions ['colcon_pkg']
[0.334s] Level 1:colcon.colcon_core.package_identification:_identify(.) by extension 'colcon_pkg'
[0.335s] Level 1:colcon.colcon_core.package_identification:_identify(.) by extensions ['colcon_meta']
[0.335s] Level 1:colcon.colcon_core.package_identification:_identify(.) by extension 'colcon_meta'
[0.335s] Level 1:colcon.colcon_core.package_identification:_identify(.) by extensions ['ros']
[0.335s] Level 1:colcon.colcon_core.package_identification:_identify(.) by extension 'ros'
[0.370s] Level 1:colcon.colcon_core.package_identification:_identify(.) by extensions ['cmake', 'python']
[0.371s] Level 1:colcon.colcon_core.package_identification:_identify(.) by extension 'cmake'
[0.371s] Level 1:colcon.colcon_core.package_identification:_identify(.) by extension 'python'
[0.371s] Level 1:colcon.colcon_core.package_identification:_identify(.) by extensions ['python_setup_py']
[0.371s] Level 1:colcon.colcon_core.package_identification:_identify(.) by extension 'python_setup_py'
[0.371s] Level 1:colcon.colcon_core.package_identification:_identify(build) by extensions ['ignore', 'ignore_ament_install']
[0.371s] Level 1:colcon.colcon_core.package_identification:_identify(build) by extension 'ignore'
[0.371s] Level 1:colcon.colcon_core.package_identification:_identify(build) ignored
[0.371s] Level 1:colcon.colcon_core.package_identification:_identify(install) by extensions ['ignore', 'ignore_ament_install']
[0.371s] Level 1:colcon.colcon_core.package_identification:_identify(install) by extension 'ignore'
[0.371s] Level 1:colcon.colcon_core.package_identification:_identify(install) ignored
[0.371s] Level 1:colcon.colcon_core.package_identification:_identify(log) by extensions ['ignore', 'ignore_ament_install']
[0.371s] Level 1:colcon.colcon_core.package_identification:_identify(log) by extension 'ignore'
[0.371s] Level 1:colcon.colcon_core.package_identification:_identify(log) ignored
[0.371s] Level 1:colcon.colcon_core.package_identification:_identify(my_package) by extensions ['ignore', 'ignore_ament_install']
[0.371s] Level 1:colcon.colcon_core.package_identification:_identify(my_package) by extension 'ignore'
[0.372s] Level 1:colcon.colcon_core.package_identification:_identify(my_package) by extension 'ignore_ament_install'
[0.372s] Level 1:colcon.colcon_core.package_identification:_identify(my_package) by extensions ['colcon_pkg']
[0.372s] Level 1:colcon.colcon_core.package_identification:_identify(my_package) by extension 'colcon_pkg'
[0.372s] Level 1:colcon.colcon_core.package_identification:_identify(my_package) by extensions ['colcon_meta']
[0.372s] Level 1:colcon.colcon_core.package_identification:_identify(my_package) by extension 'colcon_meta'
[0.372s] Level 1:colcon.colcon_core.package_identification:_identify(my_package) by extensions ['ros']
[0.372s] Level 1:colcon.colcon_core.package_identification:_identify(my_package) by extension 'ros'
[0.377s] DEBUG:colcon.colcon_core.package_identification:Package 'my_package' with type 'ros.ament_python' and name 'my_package'
[0.377s] Level 1:colcon.colcon_core.package_discovery:discover_packages(recursive) using defaults
[0.377s] Level 1:colcon.colcon_core.package_discovery:discover_packages(ignore) discover
[0.377s] Level 1:colcon.colcon_core.package_discovery:discover_packages(ignore) using defaults
[0.377s] Level 1:colcon.colcon_core.package_discovery:discover_packages(path) discover
[0.377s] Level 1:colcon.colcon_core.package_discovery:discover_packages(path) using defaults
[0.406s] Level 5:colcon.colcon_core.verb:set package 'my_package' build argument 'cmake_args' from command line to 'None'
[0.406s] Level 5:colcon.colcon_core.verb:set package 'my_package' build argument 'cmake_target' from command line to 'None'
[0.406s] Level 5:colcon.colcon_core.verb:set package 'my_package' build argument 'cmake_target_skip_unavailable' from command line to 'False'
[0.406s] Level 5:colcon.colcon_core.verb:set package 'my_package' build argument 'cmake_clean_cache' from command line to 'False'
[0.406s] Level 5:colcon.colcon_core.verb:set package 'my_package' build argument 'cmake_clean_first' from command line to 'False'
[0.406s] Level 5:colcon.colcon_core.verb:set package 'my_package' build argument 'cmake_force_configure' from command line to 'False'
[0.406s] Level 5:colcon.colcon_core.verb:set package 'my_package' build argument 'ament_cmake_args' from command line to 'None'
[0.406s] Level 5:colcon.colcon_core.verb:set package 'my_package' build argument 'catkin_cmake_args' from command line to 'None'
[0.406s] Level 5:colcon.colcon_core.verb:set package 'my_package' build argument 'catkin_skip_building_tests' from command line to 'False'
[0.406s] DEBUG:colcon.colcon_core.verb:Building package 'my_package' with the following arguments: {'ament_cmake_args': None, 'build_base': '/home/corvus/Projects/ros2_webot/src/build/my_package', 'catkin_cmake_args': None, 'catkin_skip_building_tests': False, 'cmake_args': None, 'cmake_clean_cache': False, 'cmake_clean_first': False, 'cmake_force_configure': False, 'cmake_target': None, 'cmake_target_skip_unavailable': False, 'install_base': '/home/corvus/Projects/ros2_webot/src/install/my_package', 'merge_install': False, 'path': '/home/corvus/Projects/ros2_webot/src/my_package', 'symlink_install': True, 'test_result_base': None}
[0.406s] INFO:colcon.colcon_core.executor:Executing jobs using 'sequential' executor
[0.407s] DEBUG:colcon.colcon_core.executor.sequential:run_until_complete 'my_package'
[0.407s] INFO:colcon.colcon_ros.task.ament_python.build:Building ROS package in '/home/corvus/Projects/ros2_webot/src/my_package' with build type 'ament_python'
[0.407s] Level 1:colcon.colcon_core.shell:create_environment_hook('my_package', 'ament_prefix_path')
[0.414s] INFO:colcon.colcon_core.plugin_system:Skipping extension 'colcon_core.shell.bat': Not used on non-Windows systems
[0.414s] INFO:colcon.colcon_core.shell:Creating environment hook '/home/corvus/Projects/ros2_webot/src/install/my_package/share/my_package/hook/ament_prefix_path.ps1'
[0.415s] INFO:colcon.colcon_core.shell:Creating environment descriptor '/home/corvus/Projects/ros2_webot/src/install/my_package/share/my_package/hook/ament_prefix_path.dsv'
[0.417s] INFO:colcon.colcon_core.shell:Creating environment hook '/home/corvus/Projects/ros2_webot/src/install/my_package/share/my_package/hook/ament_prefix_path.sh'
[0.418s] INFO:colcon.colcon_core.shell:Skip shell extension 'powershell' for command environment: Not usable outside of PowerShell
[0.418s] DEBUG:colcon.colcon_core.shell:Skip shell extension 'dsv' for command environment
[0.625s] INFO:colcon.colcon_core.task.python.build:Building Python package in '/home/corvus/Projects/ros2_webot/src/my_package'
[0.625s] INFO:colcon.colcon_core.shell:Skip shell extension 'powershell' for command environment: Not usable outside of PowerShell
[0.625s] DEBUG:colcon.colcon_core.shell:Skip shell extension 'dsv' for command environment
[1.464s] DEBUG:colcon.colcon_core.event_handler.log_command:Invoking command in '/home/corvus/Projects/ros2_webot/src/build/my_package': PYTHONPATH=/home/corvus/Projects/ros2_webot/src/build/my_package/prefix_override:/usr/lib/python3/dist-packages/colcon_core/task/python/colcon_distutils_commands:/home/corvus/Projects/ros2_webot/src/install/my_package/lib/python3.12/site-packages:${PYTHONPATH} /usr/bin/python3 -W ignore:setup.py install is deprecated -W ignore:easy_install command is deprecated setup.py develop --editable --build-directory /home/corvus/Projects/ros2_webot/src/build/my_package/build --no-deps symlink_data
[1.940s] Level 1:colcon.colcon_core.shell:create_environment_hook('my_package', 'pythonpath_develop')
[1.940s] DEBUG:colcon.colcon_core.event_handler.log_command:Invoked command in '/home/corvus/Projects/ros2_webot/src/build/my_package' returned '0': PYTHONPATH=/home/corvus/Projects/ros2_webot/src/build/my_package/prefix_override:/usr/lib/python3/dist-packages/colcon_core/task/python/colcon_distutils_commands:/home/corvus/Projects/ros2_webot/src/install/my_package/lib/python3.12/site-packages:${PYTHONPATH} /usr/bin/python3 -W ignore:setup.py install is deprecated -W ignore:easy_install command is deprecated setup.py develop --editable --build-directory /home/corvus/Projects/ros2_webot/src/build/my_package/build --no-deps symlink_data
[1.941s] INFO:colcon.colcon_core.shell:Creating environment hook '/home/corvus/Projects/ros2_webot/src/build/my_package/share/my_package/hook/pythonpath_develop.ps1'
[1.942s] INFO:colcon.colcon_core.shell:Creating environment descriptor '/home/corvus/Projects/ros2_webot/src/build/my_package/share/my_package/hook/pythonpath_develop.dsv'
[1.942s] INFO:colcon.colcon_core.shell:Creating environment hook '/home/corvus/Projects/ros2_webot/src/build/my_package/share/my_package/hook/pythonpath_develop.sh'
[1.955s] Level 1:colcon.colcon_core.environment:checking '/home/corvus/Projects/ros2_webot/src/install/my_package' for CMake module files
[1.959s] Level 1:colcon.colcon_core.environment:checking '/home/corvus/Projects/ros2_webot/src/install/my_package' for CMake config files
[1.961s] Level 1:colcon.colcon_core.environment:checking '/home/corvus/Projects/ros2_webot/src/install/my_package/lib'
[1.961s] Level 1:colcon.colcon_core.environment:checking '/home/corvus/Projects/ros2_webot/src/install/my_package/bin'
[1.962s] Level 1:colcon.colcon_core.environment:checking '/home/corvus/Projects/ros2_webot/src/install/my_package/lib/pkgconfig/my_package.pc'
[1.962s] Level 1:colcon.colcon_core.environment:checking '/home/corvus/Projects/ros2_webot/src/install/my_package/lib/python3.12/site-packages'
[1.963s] Level 1:colcon.colcon_core.shell:create_environment_hook('my_package', 'pythonpath')
[1.963s] INFO:colcon.colcon_core.shell:Creating environment hook '/home/corvus/Projects/ros2_webot/src/install/my_package/share/my_package/hook/pythonpath.ps1'
[1.965s] INFO:colcon.colcon_core.shell:Creating environment descriptor '/home/corvus/Projects/ros2_webot/src/install/my_package/share/my_package/hook/pythonpath.dsv'
[1.966s] INFO:colcon.colcon_core.shell:Creating environment hook '/home/corvus/Projects/ros2_webot/src/install/my_package/share/my_package/hook/pythonpath.sh'
[1.968s] Level 1:colcon.colcon_core.environment:checking '/home/corvus/Projects/ros2_webot/src/install/my_package/bin'
[1.968s] Level 1:colcon.colcon_core.environment:create_environment_scripts_only(my_package)
[1.969s] INFO:colcon.colcon_core.shell:Creating package script '/home/corvus/Projects/ros2_webot/src/install/my_package/share/my_package/package.ps1'
[1.973s] INFO:colcon.colcon_core.shell:Creating package descriptor '/home/corvus/Projects/ros2_webot/src/install/my_package/share/my_package/package.dsv'
[1.976s] INFO:colcon.colcon_core.shell:Creating package script '/home/corvus/Projects/ros2_webot/src/install/my_package/share/my_package/package.sh'
[1.981s] INFO:colcon.colcon_core.shell:Creating package script '/home/corvus/Projects/ros2_webot/src/install/my_package/share/my_package/package.bash'
[1.984s] INFO:colcon.colcon_core.shell:Creating package script '/home/corvus/Projects/ros2_webot/src/install/my_package/share/my_package/package.zsh'
[1.987s] Level 1:colcon.colcon_core.environment:create_file_with_runtime_dependencies(/home/corvus/Projects/ros2_webot/src/install/my_package/share/colcon-core/packages/my_package)
[1.989s] DEBUG:colcon.colcon_core.executor.sequential:run_until_complete 'my_package' finished with '0'
[1.989s] DEBUG:colcon.colcon_core.executor.sequential:closing loop
[1.989s] DEBUG:colcon.colcon_core.executor.sequential:loop closed
[1.990s] DEBUG:colcon.colcon_core.event_reactor:joining thread
[2.026s] INFO:colcon.colcon_core.plugin_system:Skipping extension 'colcon_notification.desktop_notification.notify_send': Could not find 'notify-send'
[2.026s] INFO:colcon.colcon_core.plugin_system:Skipping extension 'colcon_notification.desktop_notification.terminal_notifier': Not used on non-Darwin systems
[2.026s] INFO:colcon.colcon_core.plugin_system:Skipping extension 'colcon_notification.desktop_notification.win32': Not used on non-Windows systems
[2.026s] INFO:colcon.colcon_notification.desktop_notification:Sending desktop notification using 'notify2'
[2.031s] DEBUG:colcon.colcon_notification.desktop_notification.notify2:Failed to initialize notify2: org.freedesktop.DBus.Error.Spawn.ExecFailed: /usr/bin/dbus-launch terminated abnormally without any error message
[2.031s] DEBUG:colcon.colcon_core.event_reactor:joined thread
[2.032s] INFO:colcon.colcon_core.shell:Creating prefix script '/home/corvus/Projects/ros2_webot/src/install/local_setup.ps1'
[2.034s] INFO:colcon.colcon_core.shell:Creating prefix util module '/home/corvus/Projects/ros2_webot/src/install/_local_setup_util_ps1.py'
[2.036s] INFO:colcon.colcon_core.shell:Creating prefix chain script '/home/corvus/Projects/ros2_webot/src/install/setup.ps1'
[2.039s] INFO:colcon.colcon_core.shell:Creating prefix script '/home/corvus/Projects/ros2_webot/src/install/local_setup.sh'
[2.040s] INFO:colcon.colcon_core.shell:Creating prefix util module '/home/corvus/Projects/ros2_webot/src/install/_local_setup_util_sh.py'
[2.041s] INFO:colcon.colcon_core.shell:Creating prefix chain script '/home/corvus/Projects/ros2_webot/src/install/setup.sh'
[2.043s] INFO:colcon.colcon_core.shell:Creating prefix script '/home/corvus/Projects/ros2_webot/src/install/local_setup.bash'
[2.044s] INFO:colcon.colcon_core.shell:Creating prefix chain script '/home/corvus/Projects/ros2_webot/src/install/setup.bash'
[2.046s] INFO:colcon.colcon_core.shell:Creating prefix script '/home/corvus/Projects/ros2_webot/src/install/local_setup.zsh'
[2.047s] INFO:colcon.colcon_core.shell:Creating prefix chain script '/home/corvus/Projects/ros2_webot/src/install/setup.zsh'
